<?xml version="1.0" encoding="UTF-8"?>
<testng-results total="1" passed="1" failed="0" skipped="0">
  <reporter-output>
  </reporter-output>
  <suite started-at="2023-02-07T00:03:53Z" name="Default suite" finished-at="2023-02-07T00:04:09Z" duration-ms="16156">
    <groups>
    </groups>
    <test started-at="2023-02-07T00:03:53Z" name="Default test" finished-at="2023-02-07T00:04:09Z" duration-ms="16156">
      <class name="com.unitech.psptech.testCases.HomePage_TS_001">
        <test-method is-config="true" signature="setUp()[pri:0, instance:com.unitech.psptech.testCases.HomePage_TS_001@1f53a5dc]" started-at="2023-02-06T19:03:53Z" name="setUp" finished-at="2023-02-06T19:04:08Z" duration-ms="14944" status="PASS">
          <reporter-output>
          </reporter-output>
        </test-method> <!-- setUp -->
        <test-method signature="TC_001_ClickHeaderHomeButton()[pri:0, instance:com.unitech.psptech.testCases.HomePage_TS_001@1f53a5dc]" started-at="2023-02-06T19:04:08Z" name="TC_001_ClickHeaderHomeButton" finished-at="2023-02-06T19:04:09Z" duration-ms="1172" status="PASS">
          <reporter-output>
          </reporter-output>
        </test-method> <!-- TC_001_ClickHeaderHomeButton -->
        <test-method is-config="true" signature="tearDown()[pri:0, instance:com.unitech.psptech.testCases.HomePage_TS_001@1f53a5dc]" started-at="2023-02-06T19:04:09Z" name="tearDown" finished-at="2023-02-06T19:04:09Z" duration-ms="1" status="PASS">
          <reporter-output>
          </reporter-output>
        </test-method> <!-- tearDown -->
      </class> <!-- com.unitech.psptech.testCases.HomePage_TS_001 -->
    </test> <!-- Default test -->
  </suite> <!-- Default suite -->
</testng-results>
